V1             	layer1.0.relu	layer1.1.relu	layer2.0.relu	layer2.1.relu	layer3.0.relu	layer3.1.relu	layer4.0.relu	layer4.1.relu
alpha_0        	0.1730±0.0156	0.1676±0.0152	0.2198±0.0165	0.2131±0.0179	0.1748±0.0148	0.1633±0.0143	0.1473±0.0125	0.1538±0.0088
alpha_0.00002  	0.2050±0.0122	0.1953±0.0140	0.2346±0.0088	0.2391±0.0139	0.2020±0.0143	0.1874±0.0105	0.1598±0.0147	0.1474±0.0102
alpha_0.0001   	0.1954±0.0104	0.1990±0.0117	0.2209±0.0133	0.2217±0.0152	0.1958±0.0156	0.2026±0.0160	0.1632±0.0129	0.1459±0.0133
alpha_0.0005   	0.1932±0.0116	0.1909±0.0104	0.2390±0.0099	0.2238±0.0130	0.1960±0.0161	0.1781±0.0085	0.1493±0.0139	0.1487±0.0125
alpha_0.002    	0.2176±0.0119	0.2078±0.0133	0.2420±0.0114	0.2440±0.0115	0.2003±0.0128	0.1828±0.0149	0.1565±0.0163	0.1397±0.0167
alpha_0.01     	0.1987±0.0094	0.2116±0.0088	0.2445±0.0128	0.2500±0.0113	0.1904±0.0117	0.1863±0.0141	0.1674±0.0116	0.1525±0.0077
alpha_0.05     	0.1723±0.0123	0.1749±0.0141	0.2294±0.0126	0.2303±0.0140	0.1920±0.0182	0.1863±0.0153	0.1354±0.0160	0.1276±0.0148

V2             	layer1.0.relu	layer1.1.relu	layer2.0.relu	layer2.1.relu	layer3.0.relu	layer3.1.relu	layer4.0.relu	layer4.1.relu
alpha_0        	0.1945±0.0197	0.2248±0.0230	0.3130±0.0162	0.2990±0.0164	0.3249±0.0148	0.3367±0.0143	0.3028±0.0131	0.3096±0.0160
alpha_0.00002  	0.2348±0.0197	0.2483±0.0192	0.3330±0.0192	0.3168±0.0183	0.3207±0.0165	0.3194±0.0152	0.3178±0.0136	0.3129±0.0174
alpha_0.0001   	0.2145±0.0193	0.2490±0.0189	0.3216±0.0218	0.2973±0.0208	0.3366±0.0157	0.3439±0.0141	0.3057±0.0132	0.2910±0.0089
alpha_0.0005   	0.2235±0.0229	0.2500±0.0234	0.3456±0.0204	0.3230±0.0159	0.3267±0.0186	0.3099±0.0151	0.3070±0.0192	0.2604±0.0134
alpha_0.002    	0.2344±0.0206	0.2460±0.0196	0.3412±0.0177	0.3245±0.0200	0.3130±0.0135	0.3127±0.0126	0.2947±0.0135	0.2947±0.0172
alpha_0.01     	0.2283±0.0167	0.2636±0.0159	0.3429±0.0195	0.3270±0.0187	0.3369±0.0192	0.3521±0.0146	0.3304±0.0114	0.3185±0.0136
alpha_0.05     	0.1935±0.0177	0.2112±0.0195	0.3221±0.0188	0.3292±0.0183	0.3460±0.0141	0.3510±0.0134	0.3002±0.0127	0.3050±0.0133

V4             	layer1.0.relu	layer1.1.relu	layer2.0.relu	layer2.1.relu	layer3.0.relu	layer3.1.relu	layer4.0.relu	layer4.1.relu
alpha_0        	0.5058±0.0046	0.5189±0.0039	0.5236±0.0056	0.5204±0.0042	0.4509±0.0055	0.4456±0.0064	0.3404±0.0067	0.3314±0.0059
alpha_0.00002  	0.5067±0.0046	0.5234±0.0040	0.5235±0.0051	0.5237±0.0045	0.4377±0.0064	0.4432±0.0064	0.3459±0.0074	0.3090±0.0084
alpha_0.0001   	0.5164±0.0056	0.5281±0.0043	0.5257±0.0052	0.5291±0.0045	0.4520±0.0047	0.4546±0.0052	0.3307±0.0062	0.2987±0.0091
alpha_0.0005   	0.5122±0.0048	0.5274±0.0037	0.5271±0.0054	0.5312±0.0050	0.4549±0.0063	0.4566±0.0059	0.3476±0.0061	0.3100±0.0076
alpha_0.002    	0.5154±0.0043	0.5304±0.0041	0.5259±0.0061	0.5276±0.0049	0.4548±0.0059	0.4551±0.0058	0.3419±0.0055	0.2983±0.0055
alpha_0.01     	0.5180±0.0056	0.5338±0.0046	0.5293±0.0042	0.5413±0.0045	0.4600±0.0066	0.4586±0.0062	0.3208±0.0072	0.2746±0.0076
alpha_0.05     	0.5046±0.0051	0.5161±0.0041	0.5282±0.0046	0.5371±0.0047	0.4698±0.0056	0.4560±0.0053	0.3363±0.0042	0.3006±0.0044

IT             	layer1.0.relu	layer1.1.relu	layer2.0.relu	layer2.1.relu	layer3.0.relu	layer3.1.relu	layer4.0.relu	layer4.1.relu
alpha_0        	0.3148±0.0023	0.3440±0.0021	0.4082±0.0030	0.4356±0.0037	0.4737±0.0031	0.4771±0.0029	0.4493±0.0024	0.4408±0.0035
alpha_0.00002  	0.3226±0.0031	0.3565±0.0027	0.4128±0.0036	0.4523±0.0035	0.4867±0.0031	0.5027±0.0025	0.4715±0.0027	0.4427±0.0040
alpha_0.0001   	0.3173±0.0037	0.3537±0.0027	0.4077±0.0037	0.4533±0.0042	0.4873±0.0032	0.5015±0.0033	0.4808±0.0034	0.4465±0.0040
alpha_0.0005   	0.3240±0.0038	0.3519±0.0025	0.4154±0.0042	0.4522±0.0032	0.4860±0.0036	0.5045±0.0035	0.4728±0.0030	0.4459±0.0036
alpha_0.002    	0.3273±0.0032	0.3572±0.0024	0.4147±0.0038	0.4510±0.0027	0.4862±0.0029	0.4998±0.0032	0.4675±0.0039	0.4423±0.0045
alpha_0.01     	0.3224±0.0034	0.3571±0.0025	0.4158±0.0041	0.4528±0.0040	0.4861±0.0036	0.4932±0.0035	0.4593±0.0039	0.4289±0.0046
alpha_0.05     	0.3111±0.0030	0.3379±0.0022	0.4100±0.0029	0.4422±0.0035	0.4735±0.0029	0.4817±0.0027	0.4359±0.0048	0.4152±0.0050
